<?xml version="1.0" encoding="UTF-8"?>
<testng-results ignored="0" total="3" passed="3" failed="0" skipped="0">
  <reporter-output>
  </reporter-output>
  <suite started-at="2024-03-07T15:50:29 IST" name="Suite" finished-at="2024-03-07T15:51:04 IST" duration-ms="34778">
    <groups>
    </groups>
    <test started-at="2024-03-07T15:50:29 IST" name="Test" finished-at="2024-03-07T15:51:04 IST" duration-ms="34778">
      <class name="Test.TestnG">
        <test-method is-config="true" signature="set()[pri:0, instance:Test.TestnG@20140db9]" started-at="2024-03-07T15:50:33 IST" name="set" finished-at="2024-03-07T15:50:36 IST" duration-ms="3207" status="PASS">
          <reporter-output>
          </reporter-output>
        </test-method> <!-- set -->
        <test-method signature="test1()[pri:0, instance:Test.TestnG@20140db9]" started-at="2024-03-07T15:50:42 IST" name="test1" finished-at="2024-03-07T15:50:49 IST" duration-ms="6113" status="PASS">
          <reporter-output>
          </reporter-output>
        </test-method> <!-- test1 -->
        <test-method signature="test2()[pri:0, instance:Test.TestnG@20140db9]" started-at="2024-03-07T15:50:49 IST" name="test2" finished-at="2024-03-07T15:51:04 IST" duration-ms="14957" status="PASS">
          <reporter-output>
          </reporter-output>
        </test-method> <!-- test2 -->
        <test-method is-config="true" signature="quit()[pri:0, instance:Test.TestnG@20140db9]" started-at="2024-03-07T15:51:04 IST" name="quit" finished-at="2024-03-07T15:51:04 IST" duration-ms="281" status="PASS">
          <reporter-output>
          </reporter-output>
        </test-method> <!-- quit -->
      </class> <!-- Test.TestnG -->
      <class name="Test.DemoTest">
        <test-method is-config="true" signature="set()[pri:0, instance:Test.DemoTest@2794eab6]" started-at="2024-03-07T15:50:29 IST" name="set" finished-at="2024-03-07T15:50:33 IST" duration-ms="3882" status="PASS">
          <reporter-output>
          </reporter-output>
        </test-method> <!-- set -->
        <test-method signature="test1()[pri:0, instance:Test.DemoTest@2794eab6]" started-at="2024-03-07T15:50:36 IST" name="test1" finished-at="2024-03-07T15:50:42 IST" duration-ms="6242" status="PASS">
          <reporter-output>
          </reporter-output>
        </test-method> <!-- test1 -->
      </class> <!-- Test.DemoTest -->
    </test> <!-- Test -->
  </suite> <!-- Suite -->
</testng-results>
